2019-04-27 17:07:24,689 INFO 18217 [egg:logger] init all loggers with options: {"dir":"/Users/zhaolong/Documents/GitHub/learn/node/egg-example2/logs/egg-example2","encoding":"utf8","env":"local","level":"INFO","consoleLevel":"INFO","disableConsoleAfterReady":false,"outputJSON":false,"buffer":true,"appLogName":"egg-example2-web.log","coreLogName":"egg-web.log","agentLogName":"egg-agent.log","errorLogName":"common-error.log","coreLogger":{"consoleLevel":"WARN"},"allowDebugAtProd":false,"type":"application"}
2019-04-27 17:07:24,726 INFO 18217 [egg-multipart] stream mode enable
2019-04-27 17:07:24,761 INFO 18217 [egg-static] starting static serve /public/ -> /Users/zhaolong/Documents/GitHub/learn/node/egg-example2/app/public
2019-04-27 17:07:24,763 INFO 18217 [egg-security] use csrf middleware
2019-04-27 17:07:24,764 INFO 18217 [egg-security] use methodnoallow middleware
2019-04-27 17:07:24,764 INFO 18217 [egg-security] use noopen middleware
2019-04-27 17:07:24,765 INFO 18217 [egg-security] use nosniff middleware
2019-04-27 17:07:24,765 INFO 18217 [egg-security] use xssProtection middleware
2019-04-27 17:07:24,765 INFO 18217 [egg-security] use xframe middleware
2019-04-27 17:07:24,766 INFO 18217 [egg-security] use dta middleware
2019-04-27 17:07:24,766 INFO 18217 [egg-security] compose 7 middlewares into one security middleware
2019-04-27 17:07:24,774 INFO 18217 [egg:core] dump config after load, 4ms
2019-04-27 17:07:24,791 INFO 18217 [egg-watcher:application] watcher start success
2019-04-27 17:07:24,797 INFO 18217 [egg:core] dump config after ready, 4ms
2019-04-27 17:07:36,036 INFO 18229 [egg:logger] init all loggers with options: {"dir":"/Users/zhaolong/Documents/GitHub/learn/node/egg-example2/logs/egg-example2","encoding":"utf8","env":"local","level":"INFO","consoleLevel":"INFO","disableConsoleAfterReady":false,"outputJSON":false,"buffer":true,"appLogName":"egg-example2-web.log","coreLogName":"egg-web.log","agentLogName":"egg-agent.log","errorLogName":"common-error.log","coreLogger":{"consoleLevel":"WARN"},"allowDebugAtProd":false,"type":"application"}
2019-04-27 17:07:36,067 INFO 18229 [egg-multipart] stream mode enable
2019-04-27 17:07:36,103 INFO 18229 [egg-static] starting static serve /public/ -> /Users/zhaolong/Documents/GitHub/learn/node/egg-example2/app/public
2019-04-27 17:07:36,105 INFO 18229 [egg-security] use csrf middleware
2019-04-27 17:07:36,106 INFO 18229 [egg-security] use methodnoallow middleware
2019-04-27 17:07:36,106 INFO 18229 [egg-security] use noopen middleware
2019-04-27 17:07:36,107 INFO 18229 [egg-security] use nosniff middleware
2019-04-27 17:07:36,107 INFO 18229 [egg-security] use xssProtection middleware
2019-04-27 17:07:36,107 INFO 18229 [egg-security] use xframe middleware
2019-04-27 17:07:36,107 INFO 18229 [egg-security] use dta middleware
2019-04-27 17:07:36,107 INFO 18229 [egg-security] compose 7 middlewares into one security middleware
2019-04-27 17:07:36,115 INFO 18229 [egg:core] dump config after load, 4ms
2019-04-27 17:07:36,125 INFO 18229 [egg-watcher:application] watcher start success
2019-04-27 17:07:36,130 INFO 18229 [egg:core] dump config after ready, 3ms
2019-04-27 17:07:54,414 INFO 18240 [egg:logger] init all loggers with options: {"dir":"/Users/zhaolong/Documents/GitHub/learn/node/egg-example2/logs/egg-example2","encoding":"utf8","env":"local","level":"INFO","consoleLevel":"INFO","disableConsoleAfterReady":false,"outputJSON":false,"buffer":true,"appLogName":"egg-example2-web.log","coreLogName":"egg-web.log","agentLogName":"egg-agent.log","errorLogName":"common-error.log","coreLogger":{"consoleLevel":"WARN"},"allowDebugAtProd":false,"type":"application"}
2019-04-27 17:07:54,444 INFO 18240 [egg-multipart] stream mode enable
2019-04-27 17:07:54,483 INFO 18240 [egg-static] starting static serve /public/ -> /Users/zhaolong/Documents/GitHub/learn/node/egg-example2/app/public
2019-04-27 17:07:54,486 INFO 18240 [egg-security] use csrf middleware
2019-04-27 17:07:54,487 INFO 18240 [egg-security] use methodnoallow middleware
2019-04-27 17:07:54,487 INFO 18240 [egg-security] use noopen middleware
2019-04-27 17:07:54,488 INFO 18240 [egg-security] use nosniff middleware
2019-04-27 17:07:54,488 INFO 18240 [egg-security] use xssProtection middleware
2019-04-27 17:07:54,489 INFO 18240 [egg-security] use xframe middleware
2019-04-27 17:07:54,489 INFO 18240 [egg-security] use dta middleware
2019-04-27 17:07:54,489 INFO 18240 [egg-security] compose 7 middlewares into one security middleware
2019-04-27 17:07:54,499 INFO 18240 [egg:core] dump config after load, 7ms
2019-04-27 17:07:54,516 INFO 18240 [egg-watcher:application] watcher start success
2019-04-27 17:07:54,523 INFO 18240 [egg:core] dump config after ready, 4ms
2019-04-27 17:09:02,154 INFO 18256 [egg:logger] init all loggers with options: {"dir":"/Users/zhaolong/Documents/GitHub/learn/node/egg-example2/logs/egg-example2","encoding":"utf8","env":"local","level":"INFO","consoleLevel":"INFO","disableConsoleAfterReady":false,"outputJSON":false,"buffer":true,"appLogName":"egg-example2-web.log","coreLogName":"egg-web.log","agentLogName":"egg-agent.log","errorLogName":"common-error.log","coreLogger":{"consoleLevel":"WARN"},"allowDebugAtProd":false,"type":"application"}
2019-04-27 17:09:02,188 INFO 18256 [egg-multipart] stream mode enable
2019-04-27 17:09:02,244 INFO 18256 [egg-static] starting static serve /public/ -> /Users/zhaolong/Documents/GitHub/learn/node/egg-example2/app/public
2019-04-27 17:09:02,250 INFO 18256 [egg-security] use csrf middleware
2019-04-27 17:09:02,250 INFO 18256 [egg-security] use methodnoallow middleware
2019-04-27 17:09:02,250 INFO 18256 [egg-security] use noopen middleware
2019-04-27 17:09:02,251 INFO 18256 [egg-security] use nosniff middleware
2019-04-27 17:09:02,251 INFO 18256 [egg-security] use xssProtection middleware
2019-04-27 17:09:02,252 INFO 18256 [egg-security] use xframe middleware
2019-04-27 17:09:02,252 INFO 18256 [egg-security] use dta middleware
2019-04-27 17:09:02,252 INFO 18256 [egg-security] compose 7 middlewares into one security middleware
2019-04-27 17:09:02,263 INFO 18256 [egg:core] dump config after load, 8ms
2019-04-27 17:09:02,281 INFO 18256 [egg-watcher:application] watcher start success
2019-04-27 17:09:02,294 INFO 18256 [egg:core] dump config after ready, 8ms
2019-04-27 17:09:15,585 INFO 18269 [egg:logger] init all loggers with options: {"dir":"/Users/zhaolong/Documents/GitHub/learn/node/egg-example2/logs/egg-example2","encoding":"utf8","env":"local","level":"INFO","consoleLevel":"INFO","disableConsoleAfterReady":false,"outputJSON":false,"buffer":true,"appLogName":"egg-example2-web.log","coreLogName":"egg-web.log","agentLogName":"egg-agent.log","errorLogName":"common-error.log","coreLogger":{"consoleLevel":"WARN"},"allowDebugAtProd":false,"type":"application"}
2019-04-27 17:09:15,615 INFO 18269 [egg-multipart] stream mode enable
2019-04-27 17:09:15,649 INFO 18269 [egg-static] starting static serve /public/ -> /Users/zhaolong/Documents/GitHub/learn/node/egg-example2/app/public
2019-04-27 17:09:15,650 INFO 18269 [egg-security] use csrf middleware
2019-04-27 17:09:15,651 INFO 18269 [egg-security] use methodnoallow middleware
2019-04-27 17:09:15,651 INFO 18269 [egg-security] use noopen middleware
2019-04-27 17:09:15,652 INFO 18269 [egg-security] use nosniff middleware
2019-04-27 17:09:15,652 INFO 18269 [egg-security] use xssProtection middleware
2019-04-27 17:09:15,652 INFO 18269 [egg-security] use xframe middleware
2019-04-27 17:09:15,652 INFO 18269 [egg-security] use dta middleware
2019-04-27 17:09:15,653 INFO 18269 [egg-security] compose 7 middlewares into one security middleware
2019-04-27 17:09:15,661 INFO 18269 [egg:core] dump config after load, 5ms
2019-04-27 17:09:15,670 INFO 18269 [egg-watcher:application] watcher start success
2019-04-27 17:09:15,675 INFO 18269 [egg:core] dump config after ready, 3ms
2019-04-27 17:09:22,511 INFO 18281 [egg:logger] init all loggers with options: {"dir":"/Users/zhaolong/Documents/GitHub/learn/node/egg-example2/logs/egg-example2","encoding":"utf8","env":"local","level":"INFO","consoleLevel":"INFO","disableConsoleAfterReady":false,"outputJSON":false,"buffer":true,"appLogName":"egg-example2-web.log","coreLogName":"egg-web.log","agentLogName":"egg-agent.log","errorLogName":"common-error.log","coreLogger":{"consoleLevel":"WARN"},"allowDebugAtProd":false,"type":"application"}
2019-04-27 17:09:22,547 INFO 18281 [egg-multipart] stream mode enable
2019-04-27 17:09:22,585 INFO 18281 [egg-static] starting static serve /public/ -> /Users/zhaolong/Documents/GitHub/learn/node/egg-example2/app/public
2019-04-27 17:09:22,588 INFO 18281 [egg-security] use csrf middleware
2019-04-27 17:09:22,588 INFO 18281 [egg-security] use methodnoallow middleware
2019-04-27 17:09:22,588 INFO 18281 [egg-security] use noopen middleware
2019-04-27 17:09:22,589 INFO 18281 [egg-security] use nosniff middleware
2019-04-27 17:09:22,589 INFO 18281 [egg-security] use xssProtection middleware
2019-04-27 17:09:22,589 INFO 18281 [egg-security] use xframe middleware
2019-04-27 17:09:22,589 INFO 18281 [egg-security] use dta middleware
2019-04-27 17:09:22,589 INFO 18281 [egg-security] compose 7 middlewares into one security middleware
2019-04-27 17:09:22,597 INFO 18281 [egg:core] dump config after load, 4ms
2019-04-27 17:09:22,606 INFO 18281 [egg-watcher:application] watcher start success
2019-04-27 17:09:22,612 INFO 18281 [egg:core] dump config after ready, 4ms
